<?xml version="1.0" encoding="UTF-8"?>
<!-- Generated by org.testng.reporters.JUnitReportReporter -->
<testsuite hostname="LTIN620432" failures="0" tests="4" name="mini_project.MiniProj_Apachi_TestNG" time="57.067" errors="0" timestamp="2025-06-30T23:22:33 IST" skipped="0">
  <testcase classname="mini_project.MiniProj_Apachi_TestNG" name="testLogin" time="17.657"/>
  <testcase classname="mini_project.MiniProj_Apachi_TestNG" name="testLogin" time="18.859"/>
  <testcase classname="mini_project.MiniProj_Apachi_TestNG" name="testLogin" time="17.691"/>
  <testcase classname="mini_project.MiniProj_Apachi_TestNG" name="testLogin" time="2.860"/>
</testsuite> <!-- mini_project.MiniProj_Apachi_TestNG -->
