<?xml version="1.0" encoding="UTF-8"?>
<!-- Generated by org.testng.reporters.JUnitReportReporter -->
<testsuite hostname="LTIN620432" failures="0" tests="4" name="mini_project.MiniProj_Apachi_TestNG" time="61.105" errors="0" timestamp="2025-07-01T10:46:26 IST" skipped="0">
  <testcase classname="mini_project.MiniProj_Apachi_TestNG" name="testLogin" time="21.072"/>
  <testcase classname="mini_project.MiniProj_Apachi_TestNG" name="testLogin" time="2.068"/>
  <testcase classname="mini_project.MiniProj_Apachi_TestNG" name="testLogin" time="22.193"/>
  <testcase classname="mini_project.MiniProj_Apachi_TestNG" name="testLogin" time="15.772"/>
</testsuite> <!-- mini_project.MiniProj_Apachi_TestNG -->
