<?xml version="1.0" encoding="UTF-8"?>
<!-- Generated by org.testng.reporters.JUnitReportReporter -->
<testsuite hostname="LTIN620432" failures="0" tests="4" name="mini_project.MiniProj_Apachi_TestNG" time="55.676" errors="0" timestamp="2025-07-01T09:32:11 IST" skipped="0">
  <testcase classname="mini_project.MiniProj_Apachi_TestNG" name="testLogin" time="16.043"/>
  <testcase classname="mini_project.MiniProj_Apachi_TestNG" name="testLogin" time="16.110"/>
  <testcase classname="mini_project.MiniProj_Apachi_TestNG" name="testLogin" time="21.516"/>
  <testcase classname="mini_project.MiniProj_Apachi_TestNG" name="testLogin" time="2.007"/>
</testsuite> <!-- mini_project.MiniProj_Apachi_TestNG -->
