<?xml version="1.0" encoding="UTF-8"?>
<!-- Generated by org.testng.reporters.JUnitReportReporter -->
<testsuite hostname="LTIN620432" failures="0" tests="4" name="mini_project.MiniProj_Apachi_TestNG" time="53.989" errors="0" timestamp="2025-07-01T10:49:45 IST" skipped="0">
  <testcase classname="mini_project.MiniProj_Apachi_TestNG" name="testLogin" time="16.758"/>
  <testcase classname="mini_project.MiniProj_Apachi_TestNG" name="testLogin" time="18.053"/>
  <testcase classname="mini_project.MiniProj_Apachi_TestNG" name="testLogin" time="2.487"/>
  <testcase classname="mini_project.MiniProj_Apachi_TestNG" name="testLogin" time="16.691"/>
</testsuite> <!-- mini_project.MiniProj_Apachi_TestNG -->
